2026-04-12 02:39:53,753 - INFO - Config loaded from configs/msr_causal_pilot.yaml
2026-04-12 02:39:53,753 - INFO - Resolved config: {"seed": 0, "output_dir": "outputs/pilot_causal", "device": "cuda", "data": {"path": "/home/xiaoql26/dtank_disk01/xiaoql26.from.denali-3/xiaoql26/lxq_new/datanew/processed_data", "clip_len": 8, "frame_interval": 1, "num_points": 512, "train_subset_size": 1024, "val_subset_size": 512}, "model": {"name": "MAMBA4D_CausalPSD", "radius": 0.7, "nsamples": 16, "spatial_stride": 32, "temporal_kernel_size": 3, "temporal_stride": 1, "emb_relu": false, "dim": 128, "mlp_dim": 256, "depth_mamba_inter": 2, "depth_mamba_intra": 2, "rms_norm": false, "drop_out_in_block": 0.0, "drop_path": 0.0, "intra": false, "strict_causal": true, "point_order": "x", "psd": {"enable": false, "num_slots": 4, "slot_dim": 64, "horizons": [1, 2, 4], "predictor_type": "mlp", "predictor_hidden_dim": 128, "predictor_layers": 1, "predictor_heads": 4, "summary_hidden_dim": null, "dropout": 0.0, "reg_type": "var_cov", "reg_var_target": 1.0, "reg_cov_weight": 1.0, "reg_sig_floor": 0.25, "reg_sig_uniform_weight": 0.1}}, "loss": {"lambda_pred": 0.0, "lambda_reg": 0.0, "lambda_div": 0.0}, "train": {"batch_size": 8, "epochs": 12, "workers": 2, "lr": 0.01, "momentum": 0.9, "weight_decay": 0.0001, "lr_milestones": [8, 10], "lr_gamma": 0.1, "lr_warmup_epochs": 0, "print_freq": 40}, "eval": {"run_causality_check": true, "causality_num_samples": 4, "causality_tolerance": 1e-06}, "resume": null}
2026-04-12 02:39:58,435 - INFO - Train samples: 1024 | Val samples: 512
2026-04-12 02:39:58,549 - INFO - Model params: 290068
2026-04-12 02:40:00,308 - INFO - Eval stats: {"val_class_acc_mean": 0.05416666666666666, "val_clip_acc1": 5.46875, "val_clip_acc5": 26.5625, "val_loss": 3.0085645243525505, "val_video_acc1": 0.05603448275862069}
2026-04-12 02:40:00,560 - INFO - Epoch summary: {"acc1": 7.8125, "acc5": 30.95703125, "clips/s": 986.8825127847708, "epoch": 0, "loss": 2.997269893065095, "loss_cls": 2.997269893065095, "loss_div": 0.0, "loss_pred": 0.0, "loss_reg": 0.0, "lr": 0.010000000000000007, "val_class_acc_mean": 0.05416666666666666, "val_clip_acc1": 5.46875, "val_clip_acc5": 26.5625, "val_loss": 3.0085645243525505, "val_video_acc1": 0.05603448275862069}
2026-04-12 02:40:00,565 - INFO - Saved new best checkpoint with val_video_acc1=0.056034
2026-04-12 02:40:02,099 - INFO - Eval stats: {"val_class_acc_mean": 0.08055555555555556, "val_clip_acc1": 6.8359375, "val_clip_acc5": 31.640625, "val_loss": 2.991501744836569, "val_video_acc1": 0.07327586206896551}
2026-04-12 02:40:02,349 - INFO - Epoch summary: {"acc1": 7.91015625, "acc5": 32.6171875, "clips/s": 847.5811959802754, "epoch": 1, "loss": 2.9754704777151346, "loss_cls": 2.9754704777151346, "loss_div": 0.0, "loss_pred": 0.0, "loss_reg": 0.0, "lr": 0.010000000000000007, "val_class_acc_mean": 0.08055555555555556, "val_clip_acc1": 6.8359375, "val_clip_acc5": 31.640625, "val_loss": 2.991501744836569, "val_video_acc1": 0.07327586206896551}
2026-04-12 02:40:02,352 - INFO - Saved new best checkpoint with val_video_acc1=0.073276
2026-04-12 02:40:03,756 - INFO - Eval stats: {"val_class_acc_mean": 0.07397186147186147, "val_clip_acc1": 7.421875, "val_clip_acc5": 34.765625, "val_loss": 2.9271851927042007, "val_video_acc1": 0.08189655172413793}
2026-04-12 02:40:04,015 - INFO - Epoch summary: {"acc1": 9.765625, "acc5": 34.765625, "clips/s": 944.9536215561675, "epoch": 2, "loss": 2.951377971097827, "loss_cls": 2.951377971097827, "loss_div": 0.0, "loss_pred": 0.0, "loss_reg": 0.0, "lr": 0.010000000000000007, "val_class_acc_mean": 0.07397186147186147, "val_clip_acc1": 7.421875, "val_clip_acc5": 34.765625, "val_loss": 2.9271851927042007, "val_video_acc1": 0.08189655172413793}
2026-04-12 02:40:04,019 - INFO - Saved new best checkpoint with val_video_acc1=0.081897
2026-04-12 02:40:05,300 - INFO - Eval stats: {"val_class_acc_mean": 0.16955155955155957, "val_clip_acc1": 17.1875, "val_clip_acc5": 48.828125, "val_loss": 2.8355910889804363, "val_video_acc1": 0.1853448275862069}
2026-04-12 02:40:05,734 - INFO - Epoch summary: {"acc1": 12.20703125, "acc5": 46.6796875, "clips/s": 1058.120037369252, "epoch": 3, "loss": 2.788072971627116, "loss_cls": 2.788072971627116, "loss_div": 0.0, "loss_pred": 0.0, "loss_reg": 0.0, "lr": 0.010000000000000007, "val_class_acc_mean": 0.16955155955155957, "val_clip_acc1": 17.1875, "val_clip_acc5": 48.828125, "val_loss": 2.8355910889804363, "val_video_acc1": 0.1853448275862069}
2026-04-12 02:40:05,738 - INFO - Saved new best checkpoint with val_video_acc1=0.185345
2026-04-12 02:40:07,220 - INFO - Eval stats: {"val_class_acc_mean": 0.14569291819291819, "val_clip_acc1": 12.109375, "val_clip_acc5": 52.734375, "val_loss": 2.570828728377819, "val_video_acc1": 0.15086206896551724}
2026-04-12 02:40:07,478 - INFO - Epoch summary: {"acc1": 15.4296875, "acc5": 51.46484375, "clips/s": 928.3849219337559, "epoch": 4, "loss": 2.7060522390529513, "loss_cls": 2.7060522390529513, "loss_div": 0.0, "loss_pred": 0.0, "loss_reg": 0.0, "lr": 0.010000000000000007, "val_class_acc_mean": 0.14569291819291819, "val_clip_acc1": 12.109375, "val_clip_acc5": 52.734375, "val_loss": 2.570828728377819, "val_video_acc1": 0.15086206896551724}
2026-04-12 02:40:08,699 - INFO - Eval stats: {"val_class_acc_mean": 0.26412198912198914, "val_clip_acc1": 22.8515625, "val_clip_acc5": 59.5703125, "val_loss": 2.4938742853701115, "val_video_acc1": 0.27586206896551724}
2026-04-12 02:40:08,940 - INFO - Epoch summary: {"acc1": 19.62890625, "acc5": 60.05859375, "clips/s": 1138.783675035635, "epoch": 5, "loss": 2.503135238774121, "loss_cls": 2.503135238774121, "loss_div": 0.0, "loss_pred": 0.0, "loss_reg": 0.0, "lr": 0.010000000000000007, "val_class_acc_mean": 0.26412198912198914, "val_clip_acc1": 22.8515625, "val_clip_acc5": 59.5703125, "val_loss": 2.4938742853701115, "val_video_acc1": 0.27586206896551724}
2026-04-12 02:40:08,945 - INFO - Saved new best checkpoint with val_video_acc1=0.275862
2026-04-12 02:40:10,322 - INFO - Eval stats: {"val_class_acc_mean": 0.27565073815073815, "val_clip_acc1": 22.65625, "val_clip_acc5": 59.9609375, "val_loss": 2.534780990332365, "val_video_acc1": 0.27155172413793105}
2026-04-12 02:40:10,568 - INFO - Epoch summary: {"acc1": 23.14453125, "acc5": 64.35546875, "clips/s": 968.4169883754626, "epoch": 6, "loss": 2.376068173907697, "loss_cls": 2.376068173907697, "loss_div": 0.0, "loss_pred": 0.0, "loss_reg": 0.0, "lr": 0.010000000000000007, "val_class_acc_mean": 0.27565073815073815, "val_clip_acc1": 22.65625, "val_clip_acc5": 59.9609375, "val_loss": 2.534780990332365, "val_video_acc1": 0.27155172413793105}
2026-04-12 02:40:12,148 - INFO - Eval stats: {"val_class_acc_mean": 0.26080641580641584, "val_clip_acc1": 20.8984375, "val_clip_acc5": 55.46875, "val_loss": 2.48653700761497, "val_video_acc1": 0.27155172413793105}
2026-04-12 02:40:12,398 - INFO - Epoch summary: {"acc1": 27.05078125, "acc5": 67.1875, "clips/s": 845.3135399340799, "epoch": 7, "loss": 2.2728720335289836, "loss_cls": 2.2728720335289836, "loss_div": 0.0, "loss_pred": 0.0, "loss_reg": 0.0, "lr": 0.009929687500000006, "val_class_acc_mean": 0.26080641580641584, "val_clip_acc1": 20.8984375, "val_clip_acc5": 55.46875, "val_loss": 2.48653700761497, "val_video_acc1": 0.27155172413793105}
2026-04-12 02:40:13,835 - INFO - Eval stats: {"val_class_acc_mean": 0.35773004773004774, "val_clip_acc1": 27.734375, "val_clip_acc5": 65.8203125, "val_loss": 2.365002093836665, "val_video_acc1": 0.3706896551724138}
2026-04-12 02:40:14,088 - INFO - Epoch summary: {"acc1": 36.81640625, "acc5": 75.390625, "clips/s": 948.8260671109118, "epoch": 8, "loss": 1.96154966019094, "loss_cls": 1.96154966019094, "loss_div": 0.0, "loss_pred": 0.0, "loss_reg": 0.0, "lr": 0.0010000000000000007, "val_class_acc_mean": 0.35773004773004774, "val_clip_acc1": 27.734375, "val_clip_acc5": 65.8203125, "val_loss": 2.365002093836665, "val_video_acc1": 0.3706896551724138}
2026-04-12 02:40:14,091 - INFO - Saved new best checkpoint with val_video_acc1=0.370690
2026-04-12 02:40:15,706 - INFO - Eval stats: {"val_class_acc_mean": 0.3742260517260517, "val_clip_acc1": 28.90625, "val_clip_acc5": 67.1875, "val_loss": 2.3324545361101627, "val_video_acc1": 0.38362068965517243}
2026-04-12 02:40:15,952 - INFO - Epoch summary: {"acc1": 38.37890625, "acc5": 77.24609375, "clips/s": 784.7439042212008, "epoch": 9, "loss": 1.861345754005015, "loss_cls": 1.861345754005015, "loss_div": 0.0, "loss_pred": 0.0, "loss_reg": 0.0, "lr": 0.0009929687500000006, "val_class_acc_mean": 0.3742260517260517, "val_clip_acc1": 28.90625, "val_clip_acc5": 67.1875, "val_loss": 2.3324545361101627, "val_video_acc1": 0.38362068965517243}
2026-04-12 02:40:15,956 - INFO - Saved new best checkpoint with val_video_acc1=0.383621
2026-04-12 02:40:17,387 - INFO - Eval stats: {"val_class_acc_mean": 0.36152153402153403, "val_clip_acc1": 27.9296875, "val_clip_acc5": 67.1875, "val_loss": 2.322979448363185, "val_video_acc1": 0.3706896551724138}
2026-04-12 02:40:17,631 - INFO - Epoch summary: {"acc1": 42.28515625, "acc5": 80.6640625, "clips/s": 942.9289254598824, "epoch": 10, "loss": 1.7754852105863392, "loss_cls": 1.7754852105863392, "loss_div": 0.0, "loss_pred": 0.0, "loss_reg": 0.0, "lr": 9.999999999999983e-05, "val_class_acc_mean": 0.36152153402153403, "val_clip_acc1": 27.9296875, "val_clip_acc5": 67.1875, "val_loss": 2.322979448363185, "val_video_acc1": 0.3706896551724138}
2026-04-12 02:40:19,063 - INFO - Eval stats: {"val_class_acc_mean": 0.38249555999556, "val_clip_acc1": 31.0546875, "val_clip_acc5": 68.359375, "val_loss": 2.302267941646278, "val_video_acc1": 0.39655172413793105}
2026-04-12 02:40:19,303 - INFO - Epoch summary: {"acc1": 41.30859375, "acc5": 79.98046875, "clips/s": 930.1980920034571, "epoch": 11, "loss": 1.7886655516922474, "loss_cls": 1.7886655516922474, "loss_div": 0.0, "loss_pred": 0.0, "loss_reg": 0.0, "lr": 9.999999999999983e-05, "val_class_acc_mean": 0.38249555999556, "val_clip_acc1": 31.0546875, "val_clip_acc5": 68.359375, "val_loss": 2.302267941646278, "val_video_acc1": 0.39655172413793105}
2026-04-12 02:40:19,308 - INFO - Saved new best checkpoint with val_video_acc1=0.396552
2026-04-12 02:40:19,373 - INFO - Causality check: {"checked_samples": 4, "max_abs_logit_diff": 0.0, "mean_abs_logit_diff": 0.0, "passed": true, "tolerance": 1e-06}
2026-04-12 02:40:19,373 - INFO - Run complete: {"best_val_video_acc1": 0.39655172413793105, "causality": {"checked_samples": 4, "max_abs_logit_diff": 0.0, "mean_abs_logit_diff": 0.0, "passed": true, "tolerance": 1e-06}, "epochs": 12, "total_time_sec": 20.757731437683105}
