2026-04-13 14:37:40,481 - INFO - Config loaded from configs/msr_baseline_full.yaml
2026-04-13 14:37:40,481 - INFO - Resolved config: {"seed": 0, "output_dir": "outputs/full_baseline", "device": "cuda", "data": {"path": "/home/xiaoql26/dtank_disk01/xiaoql26.from.denali-3/xiaoql26/lxq_new/datanew/processed_data", "clip_len": 8, "frame_interval": 1, "num_points": 512, "train_subset_size": null, "val_subset_size": null}, "model": {"name": "MAMBA4D", "radius": 0.7, "nsamples": 16, "spatial_stride": 32, "temporal_kernel_size": 3, "temporal_stride": 1, "emb_relu": false, "dim": 128, "mlp_dim": 256, "depth_mamba_inter": 2, "depth_mamba_intra": 2, "rms_norm": false, "drop_out_in_block": 0.0, "drop_path": 0.0, "intra": false, "strict_causal": false, "point_order": "none", "psd": {"enable": false, "num_slots": 4, "slot_dim": 64, "horizons": [1, 2, 4], "predictor_type": "mlp", "predictor_hidden_dim": 128, "predictor_layers": 1, "predictor_heads": 4, "summary_hidden_dim": null, "dropout": 0.0, "reg_type": "var_cov", "reg_var_target": 1.0, "reg_cov_weight": 1.0, "reg_sig_floor": 0.25, "reg_sig_uniform_weight": 0.1}}, "loss": {"lambda_pred": 0.0, "lambda_reg": 0.0, "lambda_div": 0.0}, "train": {"batch_size": 8, "epochs": 12, "workers": 2, "lr": 0.01, "momentum": 0.9, "weight_decay": 0.0001, "lr_milestones": [8, 10], "lr_gamma": 0.1, "lr_warmup_epochs": 0, "print_freq": 200}, "eval": {"run_causality_check": false, "causality_num_samples": 4, "causality_tolerance": 1e-06}, "resume": null}
2026-04-13 14:37:45,174 - INFO - Train samples: 8745 | Val samples: 10083
2026-04-13 14:37:45,277 - INFO - Model params: 273300
2026-04-13 14:38:04,003 - INFO - Eval stats: {"val_class_acc_mean": 0.26928571428571424, "val_clip_acc1": 16.70137855796886, "val_clip_acc5": 47.19825448775166, "val_loss": 2.809843302954765, "val_video_acc1": 0.26936026936026936}
2026-04-13 14:38:04,252 - INFO - Epoch summary: {"acc1": 11.526586620926244, "acc5": 41.94396798170383, "clips/s": 696.5376828264244, "epoch": 0, "loss": 2.827087673125363, "loss_cls": 2.827087673125363, "loss_div": 0.0, "loss_pred": 0.0, "loss_reg": 0.0, "lr": 0.009999999999999827, "val_class_acc_mean": 0.26928571428571424, "val_clip_acc1": 16.70137855796886, "val_clip_acc5": 47.19825448775166, "val_loss": 2.809843302954765, "val_video_acc1": 0.26936026936026936}
2026-04-13 14:38:04,257 - INFO - Saved new best checkpoint with val_video_acc1=0.269360
2026-04-13 14:38:22,581 - INFO - Eval stats: {"val_class_acc_mean": 0.4504761904761905, "val_clip_acc1": 29.425766141029456, "val_clip_acc5": 69.72131310125954, "val_loss": 2.2610076670296264, "val_video_acc1": 0.4511784511784512}
2026-04-13 14:38:22,825 - INFO - Epoch summary: {"acc1": 28.51915380217267, "acc5": 68.18753573470555, "clips/s": 696.8206725502682, "epoch": 1, "loss": 2.2248167611345293, "loss_cls": 2.2248167611345293, "loss_div": 0.0, "loss_pred": 0.0, "loss_reg": 0.0, "lr": 0.009999999999999827, "val_class_acc_mean": 0.4504761904761905, "val_clip_acc1": 29.425766141029456, "val_clip_acc5": 69.72131310125954, "val_loss": 2.2610076670296264, "val_video_acc1": 0.4511784511784512}
2026-04-13 14:38:22,828 - INFO - Saved new best checkpoint with val_video_acc1=0.451178
2026-04-13 14:38:41,142 - INFO - Eval stats: {"val_class_acc_mean": 0.5978571428571429, "val_clip_acc1": 40.34513537561942, "val_clip_acc5": 75.3942279083606, "val_loss": 1.8865053035672563, "val_video_acc1": 0.5993265993265994}
2026-04-13 14:38:41,394 - INFO - Epoch summary: {"acc1": 42.55002858776444, "acc5": 80.21726700971983, "clips/s": 699.3038483396964, "epoch": 2, "loss": 1.7531814261371954, "loss_cls": 1.7531814261371954, "loss_div": 0.0, "loss_pred": 0.0, "loss_reg": 0.0, "lr": 0.009999999999999827, "val_class_acc_mean": 0.5978571428571429, "val_clip_acc1": 40.34513537561942, "val_clip_acc5": 75.3942279083606, "val_loss": 1.8865053035672563, "val_video_acc1": 0.5993265993265994}
2026-04-13 14:38:41,398 - INFO - Saved new best checkpoint with val_video_acc1=0.599327
2026-04-13 14:38:59,765 - INFO - Eval stats: {"val_class_acc_mean": 0.691904761904762, "val_clip_acc1": 45.46265992264207, "val_clip_acc5": 78.94475850441337, "val_loss": 1.9884773826396538, "val_video_acc1": 0.6936026936026936}
2026-04-13 14:39:00,160 - INFO - Epoch summary: {"acc1": 52.62435677530017, "acc5": 86.04917095483133, "clips/s": 699.4478253946832, "epoch": 3, "loss": 1.4301635806586668, "loss_cls": 1.4301635806586668, "loss_div": 0.0, "loss_pred": 0.0, "loss_reg": 0.0, "lr": 0.009999999999999827, "val_class_acc_mean": 0.691904761904762, "val_clip_acc1": 45.46265992264207, "val_clip_acc5": 78.94475850441337, "val_loss": 1.9884773826396538, "val_video_acc1": 0.6936026936026936}
2026-04-13 14:39:00,164 - INFO - Saved new best checkpoint with val_video_acc1=0.693603
2026-04-13 14:39:18,457 - INFO - Eval stats: {"val_class_acc_mean": 0.5530952380952381, "val_clip_acc1": 39.08558960626797, "val_clip_acc5": 78.28027372730047, "val_loss": 2.1663027747273507, "val_video_acc1": 0.5555555555555556}
2026-04-13 14:39:18,722 - INFO - Epoch summary: {"acc1": 58.513436249285306, "acc5": 88.70211549456832, "clips/s": 700.9131789316966, "epoch": 4, "loss": 1.24577330076008, "loss_cls": 1.24577330076008, "loss_div": 0.0, "loss_pred": 0.0, "loss_reg": 0.0, "lr": 0.009999999999999827, "val_class_acc_mean": 0.5530952380952381, "val_clip_acc1": 39.08558960626797, "val_clip_acc5": 78.28027372730047, "val_loss": 2.1663027747273507, "val_video_acc1": 0.5555555555555556}
2026-04-13 14:39:36,931 - INFO - Eval stats: {"val_class_acc_mean": 0.7428571428571429, "val_clip_acc1": 48.92393136963205, "val_clip_acc5": 80.11504512545869, "val_loss": 1.9675107411583748, "val_video_acc1": 0.7441077441077442}
2026-04-13 14:39:37,175 - INFO - Epoch summary: {"acc1": 63.32761578044597, "acc5": 90.65751858204689, "clips/s": 710.3393270593259, "epoch": 5, "loss": 1.0872577045443153, "loss_cls": 1.0872577045443153, "loss_div": 0.0, "loss_pred": 0.0, "loss_reg": 0.0, "lr": 0.009999999999999827, "val_class_acc_mean": 0.7428571428571429, "val_clip_acc1": 48.92393136963205, "val_clip_acc5": 80.11504512545869, "val_loss": 1.9675107411583748, "val_video_acc1": 0.7441077441077442}
2026-04-13 14:39:37,179 - INFO - Saved new best checkpoint with val_video_acc1=0.744108
2026-04-13 14:39:55,518 - INFO - Eval stats: {"val_class_acc_mean": 0.6745238095238095, "val_clip_acc1": 45.25438857482892, "val_clip_acc5": 78.43895665972428, "val_loss": 2.1442993602457214, "val_video_acc1": 0.6767676767676768}
2026-04-13 14:39:55,774 - INFO - Epoch summary: {"acc1": 67.76443682104059, "acc5": 92.28130360205832, "clips/s": 700.977383705844, "epoch": 6, "loss": 0.9678055705805693, "loss_cls": 0.9678055705805693, "loss_div": 0.0, "loss_pred": 0.0, "loss_reg": 0.0, "lr": 0.009999999999999827, "val_class_acc_mean": 0.6745238095238095, "val_clip_acc1": 45.25438857482892, "val_clip_acc5": 78.43895665972428, "val_loss": 2.1442993602457214, "val_video_acc1": 0.6767676767676768}
2026-04-13 14:40:14,190 - INFO - Eval stats: {"val_class_acc_mean": 0.7802380952380953, "val_clip_acc1": 50.42150153686257, "val_clip_acc5": 80.45224635525142, "val_loss": 1.9408971803571056, "val_video_acc1": 0.7811447811447811}
2026-04-13 14:40:14,444 - INFO - Epoch summary: {"acc1": 70.72612921669526, "acc5": 93.17324185248714, "clips/s": 690.9012240425118, "epoch": 7, "loss": 0.8898287245312491, "loss_cls": 0.8898287245312491, "loss_div": 0.0, "loss_pred": 0.0, "loss_reg": 0.0, "lr": 0.00999177330895778, "val_class_acc_mean": 0.7802380952380953, "val_clip_acc1": 50.42150153686257, "val_clip_acc5": 80.45224635525142, "val_loss": 1.9408971803571056, "val_video_acc1": 0.7811447811447811}
2026-04-13 14:40:14,448 - INFO - Saved new best checkpoint with val_video_acc1=0.781145
2026-04-13 14:40:32,596 - INFO - Eval stats: {"val_class_acc_mean": 0.8445238095238097, "val_clip_acc1": 56.62997123871863, "val_clip_acc5": 85.41108796985024, "val_loss": 1.9337863784015294, "val_video_acc1": 0.8451178451178452}
2026-04-13 14:40:32,844 - INFO - Epoch summary: {"acc1": 83.41909662664379, "acc5": 96.64951400800457, "clips/s": 707.2664788251429, "epoch": 8, "loss": 0.49392469115091325, "loss_cls": 0.49392469115091325, "loss_div": 0.0, "loss_pred": 0.0, "loss_reg": 0.0, "lr": 0.0009999999999999911, "val_class_acc_mean": 0.8445238095238097, "val_clip_acc1": 56.62997123871863, "val_clip_acc5": 85.41108796985024, "val_loss": 1.9337863784015294, "val_video_acc1": 0.8451178451178452}
2026-04-13 14:40:32,848 - INFO - Saved new best checkpoint with val_video_acc1=0.845118
2026-04-13 14:40:51,083 - INFO - Eval stats: {"val_class_acc_mean": 0.837857142857143, "val_clip_acc1": 56.501041356739066, "val_clip_acc5": 85.549935535059, "val_loss": 2.1261792006068703, "val_video_acc1": 0.8383838383838383}
2026-04-13 14:40:51,315 - INFO - Epoch summary: {"acc1": 86.58662092624357, "acc5": 97.42710120068611, "clips/s": 699.7417228959124, "epoch": 9, "loss": 0.42110282490883993, "loss_cls": 0.42110282490883993, "loss_div": 0.0, "loss_pred": 0.0, "loss_reg": 0.0, "lr": 0.0009991773308957864, "val_class_acc_mean": 0.837857142857143, "val_clip_acc1": 56.501041356739066, "val_clip_acc5": 85.549935535059, "val_loss": 2.1261792006068703, "val_video_acc1": 0.8383838383838383}
2026-04-13 14:41:09,585 - INFO - Eval stats: {"val_class_acc_mean": 0.8338095238095239, "val_clip_acc1": 56.40186452444709, "val_clip_acc5": 85.5796885847466, "val_loss": 2.09136025851934, "val_video_acc1": 0.835016835016835}
2026-04-13 14:41:09,823 - INFO - Epoch summary: {"acc1": 88.35906232132648, "acc5": 97.67867352773013, "clips/s": 697.0292097846586, "epoch": 10, "loss": 0.37620007672829814, "loss_cls": 0.37620007672829814, "loss_div": 0.0, "loss_pred": 0.0, "loss_reg": 0.0, "lr": 0.00010000000000000193, "val_class_acc_mean": 0.8338095238095239, "val_clip_acc1": 56.40186452444709, "val_clip_acc5": 85.5796885847466, "val_loss": 2.09136025851934, "val_video_acc1": 0.835016835016835}
2026-04-13 14:41:28,062 - INFO - Eval stats: {"val_class_acc_mean": 0.847857142857143, "val_clip_acc1": 56.87791331869192, "val_clip_acc5": 86.08549042943568, "val_loss": 2.100488609273281, "val_video_acc1": 0.8484848484848485}
2026-04-13 14:41:28,296 - INFO - Epoch summary: {"acc1": 88.08461978273299, "acc5": 97.83876500857633, "clips/s": 697.9181790815845, "epoch": 11, "loss": 0.3692594883510617, "loss_cls": 0.3692594883510617, "loss_div": 0.0, "loss_pred": 0.0, "loss_reg": 0.0, "lr": 0.00010000000000000193, "val_class_acc_mean": 0.847857142857143, "val_clip_acc1": 56.87791331869192, "val_clip_acc5": 86.08549042943568, "val_loss": 2.100488609273281, "val_video_acc1": 0.8484848484848485}
2026-04-13 14:41:28,300 - INFO - Saved new best checkpoint with val_video_acc1=0.848485
2026-04-13 14:41:28,300 - INFO - Run complete: {"best_val_video_acc1": 0.8484848484848485, "epochs": 12, "total_time_sec": 223.0229868888855}
