2026-04-12 02:39:10,086 - INFO - Config loaded from configs/msr_baseline_pilot.yaml
2026-04-12 02:39:10,086 - INFO - Resolved config: {"seed": 0, "output_dir": "outputs/pilot_baseline", "device": "cuda", "data": {"path": "/home/xiaoql26/dtank_disk01/xiaoql26.from.denali-3/xiaoql26/lxq_new/datanew/processed_data", "clip_len": 8, "frame_interval": 1, "num_points": 512, "train_subset_size": 1024, "val_subset_size": 512}, "model": {"name": "MAMBA4D", "radius": 0.7, "nsamples": 16, "spatial_stride": 32, "temporal_kernel_size": 3, "temporal_stride": 1, "emb_relu": false, "dim": 128, "mlp_dim": 256, "depth_mamba_inter": 2, "depth_mamba_intra": 2, "rms_norm": false, "drop_out_in_block": 0.0, "drop_path": 0.0, "intra": false, "strict_causal": false, "point_order": "none", "psd": {"enable": false, "num_slots": 4, "slot_dim": 64, "horizons": [1, 2, 4], "predictor_type": "mlp", "predictor_hidden_dim": 128, "predictor_layers": 1, "predictor_heads": 4, "summary_hidden_dim": null, "dropout": 0.0, "reg_type": "var_cov", "reg_var_target": 1.0, "reg_cov_weight": 1.0, "reg_sig_floor": 0.25, "reg_sig_uniform_weight": 0.1}}, "loss": {"lambda_pred": 0.0, "lambda_reg": 0.0, "lambda_div": 0.0}, "train": {"batch_size": 8, "epochs": 12, "workers": 2, "lr": 0.01, "momentum": 0.9, "weight_decay": 0.0001, "lr_milestones": [8, 10], "lr_gamma": 0.1, "lr_warmup_epochs": 0, "print_freq": 40}, "eval": {"run_causality_check": false, "causality_num_samples": 4, "causality_tolerance": 1e-06}, "resume": null}
2026-04-12 02:39:14,786 - INFO - Train samples: 1024 | Val samples: 512
2026-04-12 02:39:14,886 - INFO - Model params: 273300
2026-04-12 02:39:16,660 - INFO - Eval stats: {"val_class_acc_mean": 0.05, "val_clip_acc1": 4.296875, "val_clip_acc5": 21.875, "val_loss": 3.0440375842154026, "val_video_acc1": 0.05172413793103448}
2026-04-12 02:39:16,908 - INFO - Epoch summary: {"acc1": 6.0546875, "acc5": 28.02734375, "clips/s": 962.2436625140178, "epoch": 0, "loss": 2.998819351196289, "loss_cls": 2.998819351196289, "loss_div": 0.0, "loss_pred": 0.0, "loss_reg": 0.0, "lr": 0.010000000000000007, "val_class_acc_mean": 0.05, "val_clip_acc1": 4.296875, "val_clip_acc5": 21.875, "val_loss": 3.0440375842154026, "val_video_acc1": 0.05172413793103448}
2026-04-12 02:39:16,913 - INFO - Saved new best checkpoint with val_video_acc1=0.051724
2026-04-12 02:39:18,209 - INFO - Eval stats: {"val_class_acc_mean": 0.05714285714285714, "val_clip_acc1": 5.6640625, "val_clip_acc5": 27.9296875, "val_loss": 3.005299400538206, "val_video_acc1": 0.0603448275862069}
2026-04-12 02:39:18,455 - INFO - Epoch summary: {"acc1": 6.8359375, "acc5": 31.54296875, "clips/s": 1080.562645211575, "epoch": 1, "loss": 2.9902921244502068, "loss_cls": 2.9902921244502068, "loss_div": 0.0, "loss_pred": 0.0, "loss_reg": 0.0, "lr": 0.010000000000000007, "val_class_acc_mean": 0.05714285714285714, "val_clip_acc1": 5.6640625, "val_clip_acc5": 27.9296875, "val_loss": 3.005299400538206, "val_video_acc1": 0.0603448275862069}
2026-04-12 02:39:18,458 - INFO - Saved new best checkpoint with val_video_acc1=0.060345
2026-04-12 02:39:19,951 - INFO - Eval stats: {"val_class_acc_mean": 0.05, "val_clip_acc1": 5.2734375, "val_clip_acc5": 33.7890625, "val_loss": 3.025786578655243, "val_video_acc1": 0.04741379310344827}
2026-04-12 02:39:20,363 - INFO - Epoch summary: {"acc1": 7.71484375, "acc5": 32.91015625, "clips/s": 910.5761963688109, "epoch": 2, "loss": 2.9712558276951313, "loss_cls": 2.9712558276951313, "loss_div": 0.0, "loss_pred": 0.0, "loss_reg": 0.0, "lr": 0.010000000000000007, "val_class_acc_mean": 0.05, "val_clip_acc1": 5.2734375, "val_clip_acc5": 33.7890625, "val_loss": 3.025786578655243, "val_video_acc1": 0.04741379310344827}
2026-04-12 02:39:22,258 - INFO - Eval stats: {"val_class_acc_mean": 0.10138888888888889, "val_clip_acc1": 11.328125, "val_clip_acc5": 36.328125, "val_loss": 2.9472815804183483, "val_video_acc1": 0.10344827586206896}
2026-04-12 02:39:22,505 - INFO - Epoch summary: {"acc1": 8.59375, "acc5": 34.08203125, "clips/s": 671.5900824314266, "epoch": 3, "loss": 2.9695707466453314, "loss_cls": 2.9695707466453314, "loss_div": 0.0, "loss_pred": 0.0, "loss_reg": 0.0, "lr": 0.010000000000000007, "val_class_acc_mean": 0.10138888888888889, "val_clip_acc1": 11.328125, "val_clip_acc5": 36.328125, "val_loss": 2.9472815804183483, "val_video_acc1": 0.10344827586206896}
2026-04-12 02:39:22,509 - INFO - Saved new best checkpoint with val_video_acc1=0.103448
2026-04-12 02:39:24,207 - INFO - Eval stats: {"val_class_acc_mean": 0.1360930735930736, "val_clip_acc1": 14.6484375, "val_clip_acc5": 48.6328125, "val_loss": 2.7632722817361355, "val_video_acc1": 0.15517241379310345}
2026-04-12 02:39:24,471 - INFO - Epoch summary: {"acc1": 10.546875, "acc5": 38.671875, "clips/s": 771.6457030717803, "epoch": 4, "loss": 2.893116367980838, "loss_cls": 2.893116367980838, "loss_div": 0.0, "loss_pred": 0.0, "loss_reg": 0.0, "lr": 0.010000000000000007, "val_class_acc_mean": 0.1360930735930736, "val_clip_acc1": 14.6484375, "val_clip_acc5": 48.6328125, "val_loss": 2.7632722817361355, "val_video_acc1": 0.15517241379310345}
2026-04-12 02:39:24,474 - INFO - Saved new best checkpoint with val_video_acc1=0.155172
2026-04-12 02:39:25,922 - INFO - Eval stats: {"val_class_acc_mean": 0.11732711732711734, "val_clip_acc1": 11.328125, "val_clip_acc5": 52.1484375, "val_loss": 2.811790693551302, "val_video_acc1": 0.11637931034482758}
2026-04-12 02:39:26,174 - INFO - Epoch summary: {"acc1": 14.94140625, "acc5": 48.6328125, "clips/s": 981.3708021568157, "epoch": 5, "loss": 2.7674616165459156, "loss_cls": 2.7674616165459156, "loss_div": 0.0, "loss_pred": 0.0, "loss_reg": 0.0, "lr": 0.010000000000000007, "val_class_acc_mean": 0.11732711732711734, "val_clip_acc1": 11.328125, "val_clip_acc5": 52.1484375, "val_loss": 2.811790693551302, "val_video_acc1": 0.11637931034482758}
2026-04-12 02:39:27,564 - INFO - Eval stats: {"val_class_acc_mean": 0.15342157842157841, "val_clip_acc1": 15.234375, "val_clip_acc5": 46.2890625, "val_loss": 2.6815981306135654, "val_video_acc1": 0.15517241379310345}
2026-04-12 02:39:27,820 - INFO - Epoch summary: {"acc1": 16.69921875, "acc5": 53.22265625, "clips/s": 961.8340465082056, "epoch": 6, "loss": 2.6654709801077843, "loss_cls": 2.6654709801077843, "loss_div": 0.0, "loss_pred": 0.0, "loss_reg": 0.0, "lr": 0.010000000000000007, "val_class_acc_mean": 0.15342157842157841, "val_clip_acc1": 15.234375, "val_clip_acc5": 46.2890625, "val_loss": 2.6815981306135654, "val_video_acc1": 0.15517241379310345}
2026-04-12 02:39:27,823 - INFO - Saved new best checkpoint with val_video_acc1=0.155172
2026-04-12 02:39:29,138 - INFO - Eval stats: {"val_class_acc_mean": 0.18505328005328006, "val_clip_acc1": 16.796875, "val_clip_acc5": 57.421875, "val_loss": 2.5584509801119566, "val_video_acc1": 0.2025862068965517}
2026-04-12 02:39:29,392 - INFO - Epoch summary: {"acc1": 19.53125, "acc5": 58.69140625, "clips/s": 1011.0995183254989, "epoch": 7, "loss": 2.547876626253128, "loss_cls": 2.547876626253128, "loss_div": 0.0, "loss_pred": 0.0, "loss_reg": 0.0, "lr": 0.009929687500000006, "val_class_acc_mean": 0.18505328005328006, "val_clip_acc1": 16.796875, "val_clip_acc5": 57.421875, "val_loss": 2.5584509801119566, "val_video_acc1": 0.2025862068965517}
2026-04-12 02:39:29,396 - INFO - Saved new best checkpoint with val_video_acc1=0.202586
2026-04-12 02:39:30,800 - INFO - Eval stats: {"val_class_acc_mean": 0.31396284271284275, "val_clip_acc1": 24.8046875, "val_clip_acc5": 62.890625, "val_loss": 2.3312617763876915, "val_video_acc1": 0.33189655172413796}
2026-04-12 02:39:31,054 - INFO - Epoch summary: {"acc1": 23.73046875, "acc5": 69.23828125, "clips/s": 957.1920424564703, "epoch": 8, "loss": 2.2456091763451695, "loss_cls": 2.2456091763451695, "loss_div": 0.0, "loss_pred": 0.0, "loss_reg": 0.0, "lr": 0.0010000000000000007, "val_class_acc_mean": 0.31396284271284275, "val_clip_acc1": 24.8046875, "val_clip_acc5": 62.890625, "val_loss": 2.3312617763876915, "val_video_acc1": 0.33189655172413796}
2026-04-12 02:39:31,058 - INFO - Saved new best checkpoint with val_video_acc1=0.331897
2026-04-12 02:39:32,477 - INFO - Eval stats: {"val_class_acc_mean": 0.30583152958152954, "val_clip_acc1": 24.609375, "val_clip_acc5": 64.0625, "val_loss": 2.281047249212861, "val_video_acc1": 0.31896551724137934}
2026-04-12 02:39:32,716 - INFO - Epoch summary: {"acc1": 27.05078125, "acc5": 73.4375, "clips/s": 958.3205840757973, "epoch": 9, "loss": 2.1123780915513635, "loss_cls": 2.1123780915513635, "loss_div": 0.0, "loss_pred": 0.0, "loss_reg": 0.0, "lr": 0.0009929687500000006, "val_class_acc_mean": 0.30583152958152954, "val_clip_acc1": 24.609375, "val_clip_acc5": 64.0625, "val_loss": 2.281047249212861, "val_video_acc1": 0.31896551724137934}
2026-04-12 02:39:34,044 - INFO - Eval stats: {"val_class_acc_mean": 0.32192460317460314, "val_clip_acc1": 26.5625, "val_clip_acc5": 65.0390625, "val_loss": 2.2834579311311245, "val_video_acc1": 0.33620689655172414}
2026-04-12 02:39:34,291 - INFO - Epoch summary: {"acc1": 32.8125, "acc5": 76.66015625, "clips/s": 1022.6080702532627, "epoch": 10, "loss": 2.0268018692731857, "loss_cls": 2.0268018692731857, "loss_div": 0.0, "loss_pred": 0.0, "loss_reg": 0.0, "lr": 9.999999999999983e-05, "val_class_acc_mean": 0.32192460317460314, "val_clip_acc1": 26.5625, "val_clip_acc5": 65.0390625, "val_loss": 2.2834579311311245, "val_video_acc1": 0.33620689655172414}
2026-04-12 02:39:34,294 - INFO - Saved new best checkpoint with val_video_acc1=0.336207
2026-04-12 02:39:35,735 - INFO - Eval stats: {"val_class_acc_mean": 0.31799478299478307, "val_clip_acc1": 26.7578125, "val_clip_acc5": 64.84375, "val_loss": 2.302232626825571, "val_video_acc1": 0.33620689655172414}
2026-04-12 02:39:35,981 - INFO - Epoch summary: {"acc1": 31.93359375, "acc5": 76.46484375, "clips/s": 912.3786309160323, "epoch": 11, "loss": 2.012482269667089, "loss_cls": 2.012482269667089, "loss_div": 0.0, "loss_pred": 0.0, "loss_reg": 0.0, "lr": 9.999999999999983e-05, "val_class_acc_mean": 0.31799478299478307, "val_clip_acc1": 26.7578125, "val_clip_acc5": 64.84375, "val_loss": 2.302232626825571, "val_video_acc1": 0.33620689655172414}
2026-04-12 02:39:35,985 - INFO - Saved new best checkpoint with val_video_acc1=0.336207
2026-04-12 02:39:35,985 - INFO - Run complete: {"best_val_video_acc1": 0.33620689655172414, "epochs": 12, "total_time_sec": 21.098724126815796}
