2026-04-13 14:32:54,812 - INFO - Config loaded from configs/msr_baseline_pilot.yaml
2026-04-13 14:32:54,812 - INFO - Resolved config: {"seed": 0, "output_dir": "outputs/verify_baseline_pilot", "device": "cuda", "data": {"path": "/home/xiaoql26/dtank_disk01/xiaoql26.from.denali-3/xiaoql26/lxq_new/datanew/processed_data", "clip_len": 8, "frame_interval": 1, "num_points": 512, "train_subset_size": 1024, "val_subset_size": 512}, "model": {"name": "MAMBA4D", "radius": 0.7, "nsamples": 16, "spatial_stride": 32, "temporal_kernel_size": 3, "temporal_stride": 1, "emb_relu": false, "dim": 128, "mlp_dim": 256, "depth_mamba_inter": 2, "depth_mamba_intra": 2, "rms_norm": false, "drop_out_in_block": 0.0, "drop_path": 0.0, "intra": false, "strict_causal": false, "point_order": "none", "psd": {"enable": false, "num_slots": 4, "slot_dim": 64, "horizons": [1, 2, 4], "predictor_type": "mlp", "predictor_hidden_dim": 128, "predictor_layers": 1, "predictor_heads": 4, "summary_hidden_dim": null, "dropout": 0.0, "reg_type": "var_cov", "reg_var_target": 1.0, "reg_cov_weight": 1.0, "reg_sig_floor": 0.25, "reg_sig_uniform_weight": 0.1}}, "loss": {"lambda_pred": 0.0, "lambda_reg": 0.0, "lambda_div": 0.0}, "train": {"batch_size": 8, "epochs": 12, "workers": 2, "lr": 0.01, "momentum": 0.9, "weight_decay": 0.0001, "lr_milestones": [8, 10], "lr_gamma": 0.1, "lr_warmup_epochs": 0, "print_freq": 40}, "eval": {"run_causality_check": false, "causality_num_samples": 4, "causality_tolerance": 1e-06}, "resume": null}
2026-04-13 14:32:59,641 - INFO - Train samples: 1024 | Val samples: 512
2026-04-13 14:32:59,744 - INFO - Model params: 273300
2026-04-13 14:33:01,564 - INFO - Eval stats: {"val_class_acc_mean": 0.05, "val_clip_acc1": 4.296875, "val_clip_acc5": 21.6796875, "val_loss": 3.04403593018651, "val_video_acc1": 0.05172413793103448}
2026-04-13 14:33:01,810 - INFO - Epoch summary: {"acc1": 6.0546875, "acc5": 28.02734375, "clips/s": 1012.8723611921606, "epoch": 0, "loss": 2.9988194555044174, "loss_cls": 2.9988194555044174, "loss_div": 0.0, "loss_pred": 0.0, "loss_reg": 0.0, "lr": 0.010000000000000007, "val_class_acc_mean": 0.05, "val_clip_acc1": 4.296875, "val_clip_acc5": 21.6796875, "val_loss": 3.04403593018651, "val_video_acc1": 0.05172413793103448}
2026-04-13 14:33:01,815 - INFO - Saved new best checkpoint with val_video_acc1=0.051724
2026-04-13 14:33:03,620 - INFO - Eval stats: {"val_class_acc_mean": 0.05714285714285714, "val_clip_acc1": 5.6640625, "val_clip_acc5": 27.9296875, "val_loss": 3.0052879713475704, "val_video_acc1": 0.0603448275862069}
2026-04-13 14:33:03,859 - INFO - Epoch summary: {"acc1": 6.8359375, "acc5": 31.54296875, "clips/s": 705.5114556166338, "epoch": 1, "loss": 2.990292763337493, "loss_cls": 2.990292763337493, "loss_div": 0.0, "loss_pred": 0.0, "loss_reg": 0.0, "lr": 0.010000000000000007, "val_class_acc_mean": 0.05714285714285714, "val_clip_acc1": 5.6640625, "val_clip_acc5": 27.9296875, "val_loss": 3.0052879713475704, "val_video_acc1": 0.0603448275862069}
2026-04-13 14:33:03,862 - INFO - Saved new best checkpoint with val_video_acc1=0.060345
2026-04-13 14:33:05,618 - INFO - Eval stats: {"val_class_acc_mean": 0.05, "val_clip_acc1": 5.2734375, "val_clip_acc5": 33.7890625, "val_loss": 3.0257951207458973, "val_video_acc1": 0.04741379310344827}
2026-04-13 14:33:06,038 - INFO - Epoch summary: {"acc1": 7.71484375, "acc5": 32.91015625, "clips/s": 726.5516251795785, "epoch": 2, "loss": 2.9712564013898373, "loss_cls": 2.9712564013898373, "loss_div": 0.0, "loss_pred": 0.0, "loss_reg": 0.0, "lr": 0.010000000000000007, "val_class_acc_mean": 0.05, "val_clip_acc1": 5.2734375, "val_clip_acc5": 33.7890625, "val_loss": 3.0257951207458973, "val_video_acc1": 0.04741379310344827}
2026-04-13 14:33:07,640 - INFO - Eval stats: {"val_class_acc_mean": 0.09781746031746032, "val_clip_acc1": 11.328125, "val_clip_acc5": 35.7421875, "val_loss": 2.9475343972444534, "val_video_acc1": 0.09913793103448276}
2026-04-13 14:33:07,883 - INFO - Epoch summary: {"acc1": 8.69140625, "acc5": 34.1796875, "clips/s": 813.2870192885013, "epoch": 3, "loss": 2.969568921253085, "loss_cls": 2.969568921253085, "loss_div": 0.0, "loss_pred": 0.0, "loss_reg": 0.0, "lr": 0.010000000000000007, "val_class_acc_mean": 0.09781746031746032, "val_clip_acc1": 11.328125, "val_clip_acc5": 35.7421875, "val_loss": 2.9475343972444534, "val_video_acc1": 0.09913793103448276}
2026-04-13 14:33:07,887 - INFO - Saved new best checkpoint with val_video_acc1=0.099138
2026-04-13 14:33:09,466 - INFO - Eval stats: {"val_class_acc_mean": 0.132521645021645, "val_clip_acc1": 14.453125, "val_clip_acc5": 48.4375, "val_loss": 2.76345893740654, "val_video_acc1": 0.15086206896551724}
2026-04-13 14:33:09,723 - INFO - Epoch summary: {"acc1": 10.44921875, "acc5": 38.28125, "clips/s": 813.0731972052643, "epoch": 4, "loss": 2.8932218644768, "loss_cls": 2.8932218644768, "loss_div": 0.0, "loss_pred": 0.0, "loss_reg": 0.0, "lr": 0.010000000000000007, "val_class_acc_mean": 0.132521645021645, "val_clip_acc1": 14.453125, "val_clip_acc5": 48.4375, "val_loss": 2.76345893740654, "val_video_acc1": 0.15086206896551724}
2026-04-13 14:33:09,727 - INFO - Saved new best checkpoint with val_video_acc1=0.150862
2026-04-13 14:33:11,477 - INFO - Eval stats: {"val_class_acc_mean": 0.11348096348096345, "val_clip_acc1": 12.6953125, "val_clip_acc5": 51.5625, "val_loss": 2.786749344319105, "val_video_acc1": 0.11206896551724138}
2026-04-13 14:33:11,721 - INFO - Epoch summary: {"acc1": 14.94140625, "acc5": 48.14453125, "clips/s": 738.8475247556794, "epoch": 5, "loss": 2.7724569234997034, "loss_cls": 2.7724569234997034, "loss_div": 0.0, "loss_pred": 0.0, "loss_reg": 0.0, "lr": 0.010000000000000007, "val_class_acc_mean": 0.11348096348096345, "val_clip_acc1": 12.6953125, "val_clip_acc5": 51.5625, "val_loss": 2.786749344319105, "val_video_acc1": 0.11206896551724138}
2026-04-13 14:33:13,330 - INFO - Eval stats: {"val_class_acc_mean": 0.19341464091464092, "val_clip_acc1": 17.96875, "val_clip_acc5": 47.8515625, "val_loss": 2.61118271201849, "val_video_acc1": 0.19827586206896552}
2026-04-13 14:33:13,576 - INFO - Epoch summary: {"acc1": 16.6015625, "acc5": 52.1484375, "clips/s": 810.5069642955194, "epoch": 6, "loss": 2.6640109568834305, "loss_cls": 2.6640109568834305, "loss_div": 0.0, "loss_pred": 0.0, "loss_reg": 0.0, "lr": 0.010000000000000007, "val_class_acc_mean": 0.19341464091464092, "val_clip_acc1": 17.96875, "val_clip_acc5": 47.8515625, "val_loss": 2.61118271201849, "val_video_acc1": 0.19827586206896552}
2026-04-13 14:33:13,580 - INFO - Saved new best checkpoint with val_video_acc1=0.198276
2026-04-13 14:33:15,185 - INFO - Eval stats: {"val_class_acc_mean": 0.14703463203463202, "val_clip_acc1": 13.28125, "val_clip_acc5": 52.9296875, "val_loss": 2.604414379224181, "val_video_acc1": 0.15086206896551724}
2026-04-13 14:33:15,435 - INFO - Epoch summary: {"acc1": 19.23828125, "acc5": 58.49609375, "clips/s": 813.6630285779321, "epoch": 7, "loss": 2.5457269102334976, "loss_cls": 2.5457269102334976, "loss_div": 0.0, "loss_pred": 0.0, "loss_reg": 0.0, "lr": 0.009929687500000006, "val_class_acc_mean": 0.14703463203463202, "val_clip_acc1": 13.28125, "val_clip_acc5": 52.9296875, "val_loss": 2.604414379224181, "val_video_acc1": 0.15086206896551724}
2026-04-13 14:33:17,033 - INFO - Eval stats: {"val_class_acc_mean": 0.3130266955266955, "val_clip_acc1": 24.8046875, "val_clip_acc5": 62.5, "val_loss": 2.327766824513674, "val_video_acc1": 0.3275862068965517}
2026-04-13 14:33:17,289 - INFO - Epoch summary: {"acc1": 24.12109375, "acc5": 66.796875, "clips/s": 814.0752535119269, "epoch": 8, "loss": 2.3035191874951124, "loss_cls": 2.3035191874951124, "loss_div": 0.0, "loss_pred": 0.0, "loss_reg": 0.0, "lr": 0.0010000000000000007, "val_class_acc_mean": 0.3130266955266955, "val_clip_acc1": 24.8046875, "val_clip_acc5": 62.5, "val_loss": 2.327766824513674, "val_video_acc1": 0.3275862068965517}
2026-04-13 14:33:17,292 - INFO - Saved new best checkpoint with val_video_acc1=0.327586
2026-04-13 14:33:18,993 - INFO - Eval stats: {"val_class_acc_mean": 0.2973587523587523, "val_clip_acc1": 25.5859375, "val_clip_acc5": 65.0390625, "val_loss": 2.27893821336329, "val_video_acc1": 0.3103448275862069}
2026-04-13 14:33:19,229 - INFO - Epoch summary: {"acc1": 28.7109375, "acc5": 72.55859375, "clips/s": 766.3753722129715, "epoch": 9, "loss": 2.1363096656277776, "loss_cls": 2.1363096656277776, "loss_div": 0.0, "loss_pred": 0.0, "loss_reg": 0.0, "lr": 0.0009929687500000006, "val_class_acc_mean": 0.2973587523587523, "val_clip_acc1": 25.5859375, "val_clip_acc5": 65.0390625, "val_loss": 2.27893821336329, "val_video_acc1": 0.3103448275862069}
2026-04-13 14:33:20,835 - INFO - Eval stats: {"val_class_acc_mean": 0.3195448995448995, "val_clip_acc1": 26.7578125, "val_clip_acc5": 64.453125, "val_loss": 2.254752654582262, "val_video_acc1": 0.33620689655172414}
2026-04-13 14:33:21,081 - INFO - Epoch summary: {"acc1": 33.49609375, "acc5": 75.48828125, "clips/s": 815.2473042704456, "epoch": 10, "loss": 2.0304149659350514, "loss_cls": 2.0304149659350514, "loss_div": 0.0, "loss_pred": 0.0, "loss_reg": 0.0, "lr": 9.999999999999983e-05, "val_class_acc_mean": 0.3195448995448995, "val_clip_acc1": 26.7578125, "val_clip_acc5": 64.453125, "val_loss": 2.254752654582262, "val_video_acc1": 0.33620689655172414}
2026-04-13 14:33:21,085 - INFO - Saved new best checkpoint with val_video_acc1=0.336207
2026-04-13 14:33:22,684 - INFO - Eval stats: {"val_class_acc_mean": 0.3180483405483405, "val_clip_acc1": 26.953125, "val_clip_acc5": 64.6484375, "val_loss": 2.2742283903062344, "val_video_acc1": 0.33620689655172414}
2026-04-13 14:33:22,926 - INFO - Epoch summary: {"acc1": 32.421875, "acc5": 75.09765625, "clips/s": 816.8968492322774, "epoch": 11, "loss": 2.018976696766913, "loss_cls": 2.018976696766913, "loss_div": 0.0, "loss_pred": 0.0, "loss_reg": 0.0, "lr": 9.999999999999983e-05, "val_class_acc_mean": 0.3180483405483405, "val_clip_acc1": 26.953125, "val_clip_acc5": 64.6484375, "val_loss": 2.2742283903062344, "val_video_acc1": 0.33620689655172414}
2026-04-13 14:33:22,930 - INFO - Saved new best checkpoint with val_video_acc1=0.336207
2026-04-13 14:33:22,930 - INFO - Run complete: {"best_val_video_acc1": 0.33620689655172414, "epochs": 12, "total_time_sec": 23.18538236618042}
