2026-04-13 14:33:38,503 - INFO - Config loaded from configs/msr_causal_pilot.yaml
2026-04-13 14:33:38,503 - INFO - Resolved config: {"seed": 0, "output_dir": "outputs/verify_causal_pilot", "device": "cuda", "data": {"path": "/home/xiaoql26/dtank_disk01/xiaoql26.from.denali-3/xiaoql26/lxq_new/datanew/processed_data", "clip_len": 8, "frame_interval": 1, "num_points": 512, "train_subset_size": 1024, "val_subset_size": 512}, "model": {"name": "MAMBA4D_CausalPSD", "radius": 0.7, "nsamples": 16, "spatial_stride": 32, "temporal_kernel_size": 3, "temporal_stride": 1, "emb_relu": false, "dim": 128, "mlp_dim": 256, "depth_mamba_inter": 2, "depth_mamba_intra": 2, "rms_norm": false, "drop_out_in_block": 0.0, "drop_path": 0.0, "intra": false, "strict_causal": true, "point_order": "x", "psd": {"enable": false, "num_slots": 4, "slot_dim": 64, "horizons": [1, 2, 4], "predictor_type": "mlp", "predictor_hidden_dim": 128, "predictor_layers": 1, "predictor_heads": 4, "summary_hidden_dim": null, "dropout": 0.0, "reg_type": "var_cov", "reg_var_target": 1.0, "reg_cov_weight": 1.0, "reg_sig_floor": 0.25, "reg_sig_uniform_weight": 0.1}}, "loss": {"lambda_pred": 0.0, "lambda_reg": 0.0, "lambda_div": 0.0}, "train": {"batch_size": 8, "epochs": 12, "workers": 2, "lr": 0.01, "momentum": 0.9, "weight_decay": 0.0001, "lr_milestones": [8, 10], "lr_gamma": 0.1, "lr_warmup_epochs": 0, "print_freq": 40}, "eval": {"run_causality_check": true, "causality_num_samples": 4, "causality_tolerance": 1e-06}, "resume": null}
2026-04-13 14:33:43,248 - INFO - Train samples: 1024 | Val samples: 512
2026-04-13 14:33:43,355 - INFO - Model params: 290068
2026-04-13 14:33:45,105 - INFO - Eval stats: {"val_class_acc_mean": 0.05416666666666666, "val_clip_acc1": 5.46875, "val_clip_acc5": 26.5625, "val_loss": 3.0085645392537117, "val_video_acc1": 0.05603448275862069}
2026-04-13 14:33:45,352 - INFO - Epoch summary: {"acc1": 7.8125, "acc5": 30.95703125, "clips/s": 1046.4559629267383, "epoch": 0, "loss": 2.9972698763012886, "loss_cls": 2.9972698763012886, "loss_div": 0.0, "loss_pred": 0.0, "loss_reg": 0.0, "lr": 0.010000000000000007, "val_class_acc_mean": 0.05416666666666666, "val_clip_acc1": 5.46875, "val_clip_acc5": 26.5625, "val_loss": 3.0085645392537117, "val_video_acc1": 0.05603448275862069}
2026-04-13 14:33:45,357 - INFO - Saved new best checkpoint with val_video_acc1=0.056034
2026-04-13 14:33:47,164 - INFO - Eval stats: {"val_class_acc_mean": 0.08055555555555556, "val_clip_acc1": 6.8359375, "val_clip_acc5": 31.640625, "val_loss": 2.99150163680315, "val_video_acc1": 0.07327586206896551}
2026-04-13 14:33:47,415 - INFO - Epoch summary: {"acc1": 7.91015625, "acc5": 32.6171875, "clips/s": 692.9752054993082, "epoch": 1, "loss": 2.9754704777151346, "loss_cls": 2.9754704777151346, "loss_div": 0.0, "loss_pred": 0.0, "loss_reg": 0.0, "lr": 0.010000000000000007, "val_class_acc_mean": 0.08055555555555556, "val_clip_acc1": 6.8359375, "val_clip_acc5": 31.640625, "val_loss": 2.99150163680315, "val_video_acc1": 0.07327586206896551}
2026-04-13 14:33:47,419 - INFO - Saved new best checkpoint with val_video_acc1=0.073276
2026-04-13 14:33:49,216 - INFO - Eval stats: {"val_class_acc_mean": 0.07397186147186147, "val_clip_acc1": 7.421875, "val_clip_acc5": 34.765625, "val_loss": 2.927182599902153, "val_video_acc1": 0.08189655172413793}
2026-04-13 14:33:49,475 - INFO - Epoch summary: {"acc1": 9.765625, "acc5": 34.765625, "clips/s": 690.692554512519, "epoch": 2, "loss": 2.9513788241893053, "loss_cls": 2.9513788241893053, "loss_div": 0.0, "loss_pred": 0.0, "loss_reg": 0.0, "lr": 0.010000000000000007, "val_class_acc_mean": 0.07397186147186147, "val_clip_acc1": 7.421875, "val_clip_acc5": 34.765625, "val_loss": 2.927182599902153, "val_video_acc1": 0.08189655172413793}
2026-04-13 14:33:49,479 - INFO - Saved new best checkpoint with val_video_acc1=0.081897
2026-04-13 14:33:51,247 - INFO - Eval stats: {"val_class_acc_mean": 0.17350177600177602, "val_clip_acc1": 17.3828125, "val_clip_acc5": 48.828125, "val_loss": 2.793409049510956, "val_video_acc1": 0.1896551724137931}
2026-04-13 14:33:51,653 - INFO - Epoch summary: {"acc1": 12.6953125, "acc5": 46.09375, "clips/s": 717.9025301914393, "epoch": 3, "loss": 2.787658117711544, "loss_cls": 2.787658117711544, "loss_div": 0.0, "loss_pred": 0.0, "loss_reg": 0.0, "lr": 0.010000000000000007, "val_class_acc_mean": 0.17350177600177602, "val_clip_acc1": 17.3828125, "val_clip_acc5": 48.828125, "val_loss": 2.793409049510956, "val_video_acc1": 0.1896551724137931}
2026-04-13 14:33:51,658 - INFO - Saved new best checkpoint with val_video_acc1=0.189655
2026-04-13 14:33:53,443 - INFO - Eval stats: {"val_class_acc_mean": 0.15556471306471306, "val_clip_acc1": 12.5, "val_clip_acc5": 53.515625, "val_loss": 2.5599810164421797, "val_video_acc1": 0.16379310344827586}
2026-04-13 14:33:53,698 - INFO - Epoch summary: {"acc1": 14.74609375, "acc5": 52.5390625, "clips/s": 694.0347339052729, "epoch": 4, "loss": 2.7182489447295666, "loss_cls": 2.7182489447295666, "loss_div": 0.0, "loss_pred": 0.0, "loss_reg": 0.0, "lr": 0.010000000000000007, "val_class_acc_mean": 0.15556471306471306, "val_clip_acc1": 12.5, "val_clip_acc5": 53.515625, "val_loss": 2.5599810164421797, "val_video_acc1": 0.16379310344827586}
2026-04-13 14:33:55,508 - INFO - Eval stats: {"val_class_acc_mean": 0.24352314352314353, "val_clip_acc1": 20.3125, "val_clip_acc5": 56.4453125, "val_loss": 2.4678630139678717, "val_video_acc1": 0.25862068965517243}
2026-04-13 14:33:55,753 - INFO - Epoch summary: {"acc1": 18.5546875, "acc5": 59.9609375, "clips/s": 693.6218548834912, "epoch": 5, "loss": 2.52873947750777, "loss_cls": 2.52873947750777, "loss_div": 0.0, "loss_pred": 0.0, "loss_reg": 0.0, "lr": 0.010000000000000007, "val_class_acc_mean": 0.24352314352314353, "val_clip_acc1": 20.3125, "val_clip_acc5": 56.4453125, "val_loss": 2.4678630139678717, "val_video_acc1": 0.25862068965517243}
2026-04-13 14:33:55,756 - INFO - Saved new best checkpoint with val_video_acc1=0.258621
2026-04-13 14:33:57,540 - INFO - Eval stats: {"val_class_acc_mean": 0.3089479964479964, "val_clip_acc1": 20.5078125, "val_clip_acc5": 63.0859375, "val_loss": 2.4550185408443213, "val_video_acc1": 0.3017241379310345}
2026-04-13 14:33:57,786 - INFO - Epoch summary: {"acc1": 22.0703125, "acc5": 63.4765625, "clips/s": 697.9985033979941, "epoch": 6, "loss": 2.3809694051742554, "loss_cls": 2.3809694051742554, "loss_div": 0.0, "loss_pred": 0.0, "loss_reg": 0.0, "lr": 0.010000000000000007, "val_class_acc_mean": 0.3089479964479964, "val_clip_acc1": 20.5078125, "val_clip_acc5": 63.0859375, "val_loss": 2.4550185408443213, "val_video_acc1": 0.3017241379310345}
2026-04-13 14:33:57,790 - INFO - Saved new best checkpoint with val_video_acc1=0.301724
2026-04-13 14:33:59,587 - INFO - Eval stats: {"val_class_acc_mean": 0.2713924963924964, "val_clip_acc1": 20.5078125, "val_clip_acc5": 60.7421875, "val_loss": 2.3995743971318007, "val_video_acc1": 0.27586206896551724}
2026-04-13 14:33:59,838 - INFO - Epoch summary: {"acc1": 26.3671875, "acc5": 66.40625, "clips/s": 690.3527821529594, "epoch": 7, "loss": 2.290030099451542, "loss_cls": 2.290030099451542, "loss_div": 0.0, "loss_pred": 0.0, "loss_reg": 0.0, "lr": 0.009929687500000006, "val_class_acc_mean": 0.2713924963924964, "val_clip_acc1": 20.5078125, "val_clip_acc5": 60.7421875, "val_loss": 2.3995743971318007, "val_video_acc1": 0.27586206896551724}
2026-04-13 14:34:01,628 - INFO - Eval stats: {"val_class_acc_mean": 0.3726875901875902, "val_clip_acc1": 28.125, "val_clip_acc5": 65.234375, "val_loss": 2.322116846218705, "val_video_acc1": 0.3793103448275862}
2026-04-13 14:34:01,883 - INFO - Epoch summary: {"acc1": 35.546875, "acc5": 76.46484375, "clips/s": 692.618806060628, "epoch": 8, "loss": 1.974277519620955, "loss_cls": 1.974277519620955, "loss_div": 0.0, "loss_pred": 0.0, "loss_reg": 0.0, "lr": 0.0010000000000000007, "val_class_acc_mean": 0.3726875901875902, "val_clip_acc1": 28.125, "val_clip_acc5": 65.234375, "val_loss": 2.322116846218705, "val_video_acc1": 0.3793103448275862}
2026-04-13 14:34:01,887 - INFO - Saved new best checkpoint with val_video_acc1=0.379310
2026-04-13 14:34:03,697 - INFO - Eval stats: {"val_class_acc_mean": 0.3730963480963481, "val_clip_acc1": 28.90625, "val_clip_acc5": 66.40625, "val_loss": 2.3104466274380684, "val_video_acc1": 0.375}
2026-04-13 14:34:03,941 - INFO - Epoch summary: {"acc1": 38.57421875, "acc5": 77.05078125, "clips/s": 690.7685048122538, "epoch": 9, "loss": 1.8650565538555384, "loss_cls": 1.8650565538555384, "loss_div": 0.0, "loss_pred": 0.0, "loss_reg": 0.0, "lr": 0.0009929687500000006, "val_class_acc_mean": 0.3730963480963481, "val_clip_acc1": 28.90625, "val_clip_acc5": 66.40625, "val_loss": 2.3104466274380684, "val_video_acc1": 0.375}
2026-04-13 14:34:05,767 - INFO - Eval stats: {"val_class_acc_mean": 0.345771867021867, "val_clip_acc1": 28.3203125, "val_clip_acc5": 66.2109375, "val_loss": 2.3095521153882146, "val_video_acc1": 0.35344827586206895}
2026-04-13 14:34:06,007 - INFO - Epoch summary: {"acc1": 42.3828125, "acc5": 80.078125, "clips/s": 691.3032708463677, "epoch": 10, "loss": 1.783771577756852, "loss_cls": 1.783771577756852, "loss_div": 0.0, "loss_pred": 0.0, "loss_reg": 0.0, "lr": 9.999999999999983e-05, "val_class_acc_mean": 0.345771867021867, "val_clip_acc1": 28.3203125, "val_clip_acc5": 66.2109375, "val_loss": 2.3095521153882146, "val_video_acc1": 0.35344827586206895}
2026-04-13 14:34:07,828 - INFO - Eval stats: {"val_class_acc_mean": 0.36916833166833163, "val_clip_acc1": 29.6875, "val_clip_acc5": 65.625, "val_loss": 2.278681823052466, "val_video_acc1": 0.3793103448275862}
2026-04-13 14:34:08,068 - INFO - Epoch summary: {"acc1": 41.6015625, "acc5": 79.39453125, "clips/s": 693.5271566159845, "epoch": 11, "loss": 1.7888088868930936, "loss_cls": 1.7888088868930936, "loss_div": 0.0, "loss_pred": 0.0, "loss_reg": 0.0, "lr": 9.999999999999983e-05, "val_class_acc_mean": 0.36916833166833163, "val_clip_acc1": 29.6875, "val_clip_acc5": 65.625, "val_loss": 2.278681823052466, "val_video_acc1": 0.3793103448275862}
2026-04-13 14:34:08,072 - INFO - Saved new best checkpoint with val_video_acc1=0.379310
2026-04-13 14:34:08,126 - INFO - Causality check: {"checked_samples": 4, "max_abs_logit_diff": 0.0, "mean_abs_logit_diff": 0.0, "passed": true, "tolerance": 1e-06}
2026-04-13 14:34:08,126 - INFO - Run complete: {"best_val_video_acc1": 0.3793103448275862, "causality": {"checked_samples": 4, "max_abs_logit_diff": 0.0, "mean_abs_logit_diff": 0.0, "passed": true, "tolerance": 1e-06}, "epochs": 12, "total_time_sec": 24.71725058555603}
