2026-04-13 14:41:43,050 - INFO - Config loaded from configs/msr_causal_full.yaml
2026-04-13 14:41:43,050 - INFO - Resolved config: {"seed": 0, "output_dir": "outputs/full_causal", "device": "cuda", "data": {"path": "/home/xiaoql26/dtank_disk01/xiaoql26.from.denali-3/xiaoql26/lxq_new/datanew/processed_data", "clip_len": 8, "frame_interval": 1, "num_points": 512, "train_subset_size": null, "val_subset_size": null}, "model": {"name": "MAMBA4D_CausalPSD", "radius": 0.7, "nsamples": 16, "spatial_stride": 32, "temporal_kernel_size": 3, "temporal_stride": 1, "emb_relu": false, "dim": 128, "mlp_dim": 256, "depth_mamba_inter": 2, "depth_mamba_intra": 2, "rms_norm": false, "drop_out_in_block": 0.0, "drop_path": 0.0, "intra": false, "strict_causal": true, "point_order": "x", "psd": {"enable": false, "num_slots": 4, "slot_dim": 64, "horizons": [1, 2, 4], "predictor_type": "mlp", "predictor_hidden_dim": 128, "predictor_layers": 1, "predictor_heads": 4, "summary_hidden_dim": null, "dropout": 0.0, "reg_type": "var_cov", "reg_var_target": 1.0, "reg_cov_weight": 1.0, "reg_sig_floor": 0.25, "reg_sig_uniform_weight": 0.1}}, "loss": {"lambda_pred": 0.0, "lambda_reg": 0.0, "lambda_div": 0.0}, "train": {"batch_size": 8, "epochs": 12, "workers": 2, "lr": 0.01, "momentum": 0.9, "weight_decay": 0.0001, "lr_milestones": [8, 10], "lr_gamma": 0.1, "lr_warmup_epochs": 0, "print_freq": 200}, "eval": {"run_causality_check": true, "causality_num_samples": 8, "causality_tolerance": 1e-06}, "resume": null}
2026-04-13 14:41:47,781 - INFO - Train samples: 8745 | Val samples: 10083
2026-04-13 14:41:47,884 - INFO - Model params: 290068
2026-04-13 14:42:05,459 - INFO - Eval stats: {"val_class_acc_mean": 0.21000000000000002, "val_clip_acc1": 16.27491817911336, "val_clip_acc5": 55.439849251214916, "val_loss": 2.8383481959671277, "val_video_acc1": 0.21212121212121213}
2026-04-13 14:42:05,716 - INFO - Epoch summary: {"acc1": 13.459119496855346, "acc5": 45.42024013722127, "clips/s": 765.886083983221, "epoch": 0, "loss": 2.759459306814553, "loss_cls": 2.759459306814553, "loss_div": 0.0, "loss_pred": 0.0, "loss_reg": 0.0, "lr": 0.009999999999999827, "val_class_acc_mean": 0.21000000000000002, "val_clip_acc1": 16.27491817911336, "val_clip_acc5": 55.439849251214916, "val_loss": 2.8383481959671277, "val_video_acc1": 0.21212121212121213}
2026-04-13 14:42:05,722 - INFO - Saved new best checkpoint with val_video_acc1=0.212121
2026-04-13 14:42:24,124 - INFO - Eval stats: {"val_class_acc_mean": 0.5052380952380953, "val_clip_acc1": 26.77774471883368, "val_clip_acc5": 65.62530992760091, "val_loss": 2.351180823252468, "val_video_acc1": 0.5084175084175084}
2026-04-13 14:42:24,367 - INFO - Epoch summary: {"acc1": 30.085763293310464, "acc5": 68.55345911949685, "clips/s": 678.0517240932533, "epoch": 1, "loss": 2.1797229903707556, "loss_cls": 2.1797229903707556, "loss_div": 0.0, "loss_pred": 0.0, "loss_reg": 0.0, "lr": 0.009999999999999827, "val_class_acc_mean": 0.5052380952380953, "val_clip_acc1": 26.77774471883368, "val_clip_acc5": 65.62530992760091, "val_loss": 2.351180823252468, "val_video_acc1": 0.5084175084175084}
2026-04-13 14:42:24,371 - INFO - Saved new best checkpoint with val_video_acc1=0.508418
2026-04-13 14:42:42,887 - INFO - Eval stats: {"val_class_acc_mean": 0.5976190476190475, "val_clip_acc1": 35.76316572448676, "val_clip_acc5": 72.05196866012099, "val_loss": 2.1221662826044376, "val_video_acc1": 0.6026936026936027}
2026-04-13 14:42:43,148 - INFO - Epoch summary: {"acc1": 40.320182961692396, "acc5": 77.1412235563179, "clips/s": 678.0349359660104, "epoch": 2, "loss": 1.8352904709863052, "loss_cls": 1.8352904709863052, "loss_div": 0.0, "loss_pred": 0.0, "loss_reg": 0.0, "lr": 0.009999999999999827, "val_class_acc_mean": 0.5976190476190475, "val_clip_acc1": 35.76316572448676, "val_clip_acc5": 72.05196866012099, "val_loss": 2.1221662826044376, "val_video_acc1": 0.6026936026936027}
2026-04-13 14:42:43,152 - INFO - Saved new best checkpoint with val_video_acc1=0.602694
2026-04-13 14:43:01,667 - INFO - Eval stats: {"val_class_acc_mean": 0.6428571428571429, "val_clip_acc1": 42.854309232984754, "val_clip_acc5": 76.27690171500254, "val_loss": 2.0116578779008565, "val_video_acc1": 0.6464646464646465}
2026-04-13 14:43:02,081 - INFO - Epoch summary: {"acc1": 48.43910806174957, "acc5": 83.95654659805604, "clips/s": 677.456056390311, "epoch": 3, "loss": 1.5524053139257938, "loss_cls": 1.5524053139257938, "loss_div": 0.0, "loss_pred": 0.0, "loss_reg": 0.0, "lr": 0.009999999999999827, "val_class_acc_mean": 0.6428571428571429, "val_clip_acc1": 42.854309232984754, "val_clip_acc5": 76.27690171500254, "val_loss": 2.0116578779008565, "val_video_acc1": 0.6464646464646465}
2026-04-13 14:43:02,085 - INFO - Saved new best checkpoint with val_video_acc1=0.646465
2026-04-13 14:43:20,548 - INFO - Eval stats: {"val_class_acc_mean": 0.5114285714285713, "val_clip_acc1": 35.1681047307349, "val_clip_acc5": 71.37756620053555, "val_loss": 3.2007888988387703, "val_video_acc1": 0.5151515151515151}
2026-04-13 14:43:20,807 - INFO - Epoch summary: {"acc1": 55.84905660377358, "acc5": 87.6843910806175, "clips/s": 678.6178302709602, "epoch": 4, "loss": 1.3302146010168945, "loss_cls": 1.3302146010168945, "loss_div": 0.0, "loss_pred": 0.0, "loss_reg": 0.0, "lr": 0.009999999999999827, "val_class_acc_mean": 0.5114285714285713, "val_clip_acc1": 35.1681047307349, "val_clip_acc5": 71.37756620053555, "val_loss": 3.2007888988387703, "val_video_acc1": 0.5151515151515151}
2026-04-13 14:43:38,071 - INFO - Eval stats: {"val_class_acc_mean": 0.6692857142857143, "val_clip_acc1": 46.890806307646535, "val_clip_acc5": 80.5117524546266, "val_loss": 2.0842955444590845, "val_video_acc1": 0.6734006734006734}
2026-04-13 14:43:38,310 - INFO - Epoch summary: {"acc1": 61.45225843339051, "acc5": 91.1034877072613, "clips/s": 785.1541219997034, "epoch": 5, "loss": 1.1436981194647509, "loss_cls": 1.1436981194647509, "loss_div": 0.0, "loss_pred": 0.0, "loss_reg": 0.0, "lr": 0.009999999999999827, "val_class_acc_mean": 0.6692857142857143, "val_clip_acc1": 46.890806307646535, "val_clip_acc5": 80.5117524546266, "val_loss": 2.0842955444590845, "val_video_acc1": 0.6734006734006734}
2026-04-13 14:43:38,314 - INFO - Saved new best checkpoint with val_video_acc1=0.673401
2026-04-13 14:43:56,756 - INFO - Eval stats: {"val_class_acc_mean": 0.7597619047619047, "val_clip_acc1": 48.13051671129624, "val_clip_acc5": 80.82911831720426, "val_loss": 1.943948246176751, "val_video_acc1": 0.7609427609427609}
2026-04-13 14:43:56,997 - INFO - Epoch summary: {"acc1": 66.25500285877645, "acc5": 93.04745568896513, "clips/s": 680.3942589671409, "epoch": 6, "loss": 1.0105497153063852, "loss_cls": 1.0105497153063852, "loss_div": 0.0, "loss_pred": 0.0, "loss_reg": 0.0, "lr": 0.009999999999999827, "val_class_acc_mean": 0.7597619047619047, "val_clip_acc1": 48.13051671129624, "val_clip_acc5": 80.82911831720426, "val_loss": 1.943948246176751, "val_video_acc1": 0.7609427609427609}
2026-04-13 14:43:57,002 - INFO - Saved new best checkpoint with val_video_acc1=0.760943
2026-04-13 14:44:15,397 - INFO - Eval stats: {"val_class_acc_mean": 0.6866666666666668, "val_clip_acc1": 47.8825746305663, "val_clip_acc5": 81.26549637928896, "val_loss": 2.222583962213509, "val_video_acc1": 0.6902356902356902}
2026-04-13 14:44:15,643 - INFO - Epoch summary: {"acc1": 69.10234419668382, "acc5": 94.19096626643797, "clips/s": 681.791297191422, "epoch": 7, "loss": 0.9102993666737509, "loss_cls": 0.9102993666737509, "loss_div": 0.0, "loss_pred": 0.0, "loss_reg": 0.0, "lr": 0.00999177330895778, "val_class_acc_mean": 0.6866666666666668, "val_clip_acc1": 47.8825746305663, "val_clip_acc5": 81.26549637928896, "val_loss": 2.222583962213509, "val_video_acc1": 0.6902356902356902}
2026-04-13 14:44:34,035 - INFO - Eval stats: {"val_class_acc_mean": 0.7383333333333333, "val_clip_acc1": 51.185163145132464, "val_clip_acc5": 82.6539720321333, "val_loss": 2.2747214170984007, "val_video_acc1": 0.7407407407407407}
2026-04-13 14:44:34,283 - INFO - Epoch summary: {"acc1": 83.46483704974271, "acc5": 97.1412235563179, "clips/s": 681.268712393271, "epoch": 8, "loss": 0.502100157508264, "loss_cls": 0.502100157508264, "loss_div": 0.0, "loss_pred": 0.0, "loss_reg": 0.0, "lr": 0.0009999999999999911, "val_class_acc_mean": 0.7383333333333333, "val_clip_acc1": 51.185163145132464, "val_clip_acc5": 82.6539720321333, "val_loss": 2.2747214170984007, "val_video_acc1": 0.7407407407407407}
2026-04-13 14:44:52,658 - INFO - Eval stats: {"val_class_acc_mean": 0.7657142857142858, "val_clip_acc1": 52.90092234454031, "val_clip_acc5": 82.94158484502337, "val_loss": 2.324328582303102, "val_video_acc1": 0.7676767676767676}
2026-04-13 14:44:52,892 - INFO - Epoch summary: {"acc1": 85.83190394511149, "acc5": 98.10177244139508, "clips/s": 683.5044351368379, "epoch": 9, "loss": 0.4238424491021489, "loss_cls": 0.4238424491021489, "loss_div": 0.0, "loss_pred": 0.0, "loss_reg": 0.0, "lr": 0.0009991773308957864, "val_class_acc_mean": 0.7657142857142858, "val_clip_acc1": 52.90092234454031, "val_clip_acc5": 82.94158484502337, "val_loss": 2.324328582303102, "val_video_acc1": 0.7676767676767676}
2026-04-13 14:44:52,896 - INFO - Saved new best checkpoint with val_video_acc1=0.767677
2026-04-13 14:45:11,317 - INFO - Eval stats: {"val_class_acc_mean": 0.7483333333333333, "val_clip_acc1": 52.375285133392836, "val_clip_acc5": 82.92174947932163, "val_loss": 2.4217034284185153, "val_video_acc1": 0.7508417508417509}
2026-04-13 14:45:11,553 - INFO - Epoch summary: {"acc1": 87.54716981132076, "acc5": 98.52487135506003, "clips/s": 679.1982771235267, "epoch": 10, "loss": 0.3668200798567916, "loss_cls": 0.3668200798567916, "loss_div": 0.0, "loss_pred": 0.0, "loss_reg": 0.0, "lr": 0.00010000000000000193, "val_class_acc_mean": 0.7483333333333333, "val_clip_acc1": 52.375285133392836, "val_clip_acc5": 82.92174947932163, "val_loss": 2.4217034284185153, "val_video_acc1": 0.7508417508417509}
2026-04-13 14:45:29,870 - INFO - Eval stats: {"val_class_acc_mean": 0.751904761904762, "val_clip_acc1": 52.03808390360012, "val_clip_acc5": 83.21927997619756, "val_loss": 2.417754044055772, "val_video_acc1": 0.7542087542087542}
2026-04-13 14:45:30,106 - INFO - Epoch summary: {"acc1": 87.89022298456261, "acc5": 98.41052029731274, "clips/s": 689.2602326115228, "epoch": 11, "loss": 0.36433716355220686, "loss_cls": 0.36433716355220686, "loss_div": 0.0, "loss_pred": 0.0, "loss_reg": 0.0, "lr": 0.00010000000000000193, "val_class_acc_mean": 0.751904761904762, "val_clip_acc1": 52.03808390360012, "val_clip_acc5": 83.21927997619756, "val_loss": 2.417754044055772, "val_video_acc1": 0.7542087542087542}
2026-04-13 14:45:30,179 - INFO - Causality check: {"checked_samples": 8, "max_abs_logit_diff": 0.0, "mean_abs_logit_diff": 0.0, "passed": true, "tolerance": 1e-06}
2026-04-13 14:45:30,179 - INFO - Run complete: {"best_val_video_acc1": 0.7676767676767676, "causality": {"checked_samples": 8, "max_abs_logit_diff": 0.0, "mean_abs_logit_diff": 0.0, "passed": true, "tolerance": 1e-06}, "epochs": 12, "total_time_sec": 222.22144603729248}
